2016-09-25 13:17:08 [scrapy] INFO: Scrapy 1.1.3 started (bot: scraper)
2016-09-25 13:17:08 [scrapy] INFO: Overridden settings: {'NEWSPIDER_MODULE': 'scraper.spiders', 'SPIDER_MODULES': ['scraper.spiders'], 'FEED_URI': 'file:///home/doogan/coding/python/projects/image_parser/items/default/image/3699058e830911e685373c970e425ecd.jl', 'LOG_FILE': 'logs/default/image/3699058e830911e685373c970e425ecd.log', 'BOT_NAME': 'scraper'}
2016-09-25 13:17:08 [scrapy] INFO: Enabled extensions:
['scrapy.extensions.feedexport.FeedExporter',
 'scrapy.extensions.logstats.LogStats',
 'scrapy.extensions.telnet.TelnetConsole',
 'scrapy.extensions.corestats.CoreStats']
2016-09-25 13:17:08 [twisted] CRITICAL: Unhandled error in Deferred:
2016-09-25 13:17:08 [twisted] CRITICAL: 
Traceback (most recent call last):
  File "/home/doogan/coding/python/projects/image_parser/.myenv/local/lib/python2.7/site-packages/twisted/internet/defer.py", line 1185, in _inlineCallbacks
    result = g.send(result)
  File "/home/doogan/coding/python/projects/image_parser/.myenv/local/lib/python2.7/site-packages/scrapy/crawler.py", line 90, in crawl
    six.reraise(*exc_info)
  File "/home/doogan/coding/python/projects/image_parser/.myenv/local/lib/python2.7/site-packages/scrapy/crawler.py", line 71, in crawl
    self.spider = self._create_spider(*args, **kwargs)
  File "/home/doogan/coding/python/projects/image_parser/.myenv/local/lib/python2.7/site-packages/scrapy/crawler.py", line 94, in _create_spider
    return self.spidercls.from_crawler(self, *args, **kwargs)
  File "/home/doogan/coding/python/projects/image_parser/.myenv/local/lib/python2.7/site-packages/scrapy/spiders/__init__.py", line 50, in from_crawler
    spider = cls(*args, **kwargs)
TypeError: __init__() got an unexpected keyword argument '_job'
