2016-09-25 13:28:32 [scrapy] INFO: Scrapy 1.1.3 started (bot: scraper)
2016-09-25 13:28:32 [scrapy] INFO: Overridden settings: {'NEWSPIDER_MODULE': 'scraper.spiders', 'SPIDER_MODULES': ['scraper.spiders'], 'FEED_URI': 'file:///home/doogan/coding/python/projects/image_parser/items/default/image/ce663854830a11e685373c970e425ecd.jl', 'LOG_FILE': 'logs/default/image/ce663854830a11e685373c970e425ecd.log', 'BOT_NAME': 'scraper'}
2016-09-25 13:28:32 [scrapy] INFO: Enabled extensions:
['scrapy.extensions.feedexport.FeedExporter',
 'scrapy.extensions.logstats.LogStats',
 'scrapy.extensions.telnet.TelnetConsole',
 'scrapy.extensions.corestats.CoreStats']
2016-09-25 13:28:32 [scrapy] INFO: Enabled downloader middlewares:
['scrapy.downloadermiddlewares.httpauth.HttpAuthMiddleware',
 'scrapy.downloadermiddlewares.downloadtimeout.DownloadTimeoutMiddleware',
 'scrapy.downloadermiddlewares.useragent.UserAgentMiddleware',
 'scrapy.downloadermiddlewares.retry.RetryMiddleware',
 'scrapy.downloadermiddlewares.defaultheaders.DefaultHeadersMiddleware',
 'scrapy.downloadermiddlewares.redirect.MetaRefreshMiddleware',
 'scrapy.downloadermiddlewares.httpcompression.HttpCompressionMiddleware',
 'scrapy.downloadermiddlewares.redirect.RedirectMiddleware',
 'scrapy.downloadermiddlewares.cookies.CookiesMiddleware',
 'scrapy.downloadermiddlewares.chunked.ChunkedTransferMiddleware',
 'scrapy.downloadermiddlewares.stats.DownloaderStats']
2016-09-25 13:28:32 [scrapy] INFO: Enabled spider middlewares:
['scrapy.spidermiddlewares.httperror.HttpErrorMiddleware',
 'scrapy.spidermiddlewares.offsite.OffsiteMiddleware',
 'scrapy.spidermiddlewares.referer.RefererMiddleware',
 'scrapy.spidermiddlewares.urllength.UrlLengthMiddleware',
 'scrapy.spidermiddlewares.depth.DepthMiddleware']
2016-09-25 13:28:32 [scrapy] INFO: Enabled item pipelines:
[]
2016-09-25 13:28:32 [scrapy] INFO: Spider opened
2016-09-25 13:28:32 [scrapy] INFO: Crawled 0 pages (at 0 pages/min), scraped 0 items (at 0 items/min)
2016-09-25 13:28:32 [scrapy] DEBUG: Telnet console listening on 127.0.0.1:6023
2016-09-25 13:28:32 [scrapy] DEBUG: Redirecting (302) to <GET https://pass.yandex.ua/?retpath=https%3A%2F%2Fyandex.ua%2Fimages%2Fsearch%3Ftext%3D%25D0%25B5%25D0%25BD%25D0%25BE%25D1%2582%25D1%258B%26parent-reqid%3D1474550983897237-741190681254071648529266-sas1-1783%26rdpass%3D1&fretpath=https%3A%2F%2Fyandex.ua%2Fimages%2Fsearch%3Ftext%3D%25D0%25B5%25D0%25BD%25D0%25BE%25D1%2582%25D1%258B%26parent-reqid%3D1474550983897237-741190681254071648529266-sas1-1783%26rdpass%3D1> from <GET https://yandex.ua/images/search?text=%D0%B5%D0%BD%D0%BE%D1%82%D1%8B&parent-reqid=1474550983897237-741190681254071648529266-sas1-1783>
2016-09-25 13:28:33 [scrapy] DEBUG: Redirecting (302) to <GET https://pass.yandex.ru/?retpath=https%3A%2F%2Fyandex.ua%2Fimages%2Fsearch%3Ftext%3D%25D0%25B5%25D0%25BD%25D0%25BE%25D1%2582%25D1%258B%26parent-reqid%3D1474550983897237-741190681254071648529266-sas1-1783%26rdpass%3D1&origsah=5EF0A415&ncrnd=4663&fretpath=https%3A%2F%2Fyandex.ua%2Fimages%2Fsearch%3Ftext%3D%25D0%25B5%25D0%25BD%25D0%25BE%25D1%2582%25D1%258B%26parent-reqid%3D1474550983897237-741190681254071648529266-sas1-1783%26rdpass%3D1> from <GET https://pass.yandex.ua/?retpath=https%3A%2F%2Fyandex.ua%2Fimages%2Fsearch%3Ftext%3D%25D0%25B5%25D0%25BD%25D0%25BE%25D1%2582%25D1%258B%26parent-reqid%3D1474550983897237-741190681254071648529266-sas1-1783%26rdpass%3D1&fretpath=https%3A%2F%2Fyandex.ua%2Fimages%2Fsearch%3Ftext%3D%25D0%25B5%25D0%25BD%25D0%25BE%25D1%2582%25D1%258B%26parent-reqid%3D1474550983897237-741190681254071648529266-sas1-1783%26rdpass%3D1>
2016-09-25 13:28:33 [scrapy] DEBUG: Redirecting (302) to <GET https://pass.yandex.ua/?retpath=https%3A%2F%2Fyandex.ua%2Fimages%2Fsearch%3Ftext%3D%25D0%25B5%25D0%25BD%25D0%25BE%25D1%2582%25D1%258B%26parent-reqid%3D1474550983897237-741190681254071648529266-sas1-1783%26rdpass%3D1&session_info=noauth%3A1474799313.sah%5E5EF0A415.yandexuid%5E1188878691474799313.yandex_ua%3A119087.890021.93a417b37e16aa8a4a50fcdae03cc09b&origsah=5EF0A415&fretpath=https%3A%2F%2Fyandex.ua%2Fimages%2Fsearch%3Ftext%3D%25D0%25B5%25D0%25BD%25D0%25BE%25D1%2582%25D1%258B%26parent-reqid%3D1474550983897237-741190681254071648529266-sas1-1783%26rdpass%3D1> from <GET https://pass.yandex.ru/?retpath=https%3A%2F%2Fyandex.ua%2Fimages%2Fsearch%3Ftext%3D%25D0%25B5%25D0%25BD%25D0%25BE%25D1%2582%25D1%258B%26parent-reqid%3D1474550983897237-741190681254071648529266-sas1-1783%26rdpass%3D1&origsah=5EF0A415&ncrnd=4663&fretpath=https%3A%2F%2Fyandex.ua%2Fimages%2Fsearch%3Ftext%3D%25D0%25B5%25D0%25BD%25D0%25BE%25D1%2582%25D1%258B%26parent-reqid%3D1474550983897237-741190681254071648529266-sas1-1783%26rdpass%3D1>
2016-09-25 13:28:33 [scrapy] DEBUG: Redirecting (302) to <GET https://yandex.ua/images/search?text=%D0%B5%D0%BD%D0%BE%D1%82%D1%8B&parent-reqid=1474550983897237-741190681254071648529266-sas1-1783&rdpass=1&ncrnd=4325> from <GET https://pass.yandex.ua/?retpath=https%3A%2F%2Fyandex.ua%2Fimages%2Fsearch%3Ftext%3D%25D0%25B5%25D0%25BD%25D0%25BE%25D1%2582%25D1%258B%26parent-reqid%3D1474550983897237-741190681254071648529266-sas1-1783%26rdpass%3D1&session_info=noauth%3A1474799313.sah%5E5EF0A415.yandexuid%5E1188878691474799313.yandex_ua%3A119087.890021.93a417b37e16aa8a4a50fcdae03cc09b&origsah=5EF0A415&fretpath=https%3A%2F%2Fyandex.ua%2Fimages%2Fsearch%3Ftext%3D%25D0%25B5%25D0%25BD%25D0%25BE%25D1%2582%25D1%258B%26parent-reqid%3D1474550983897237-741190681254071648529266-sas1-1783%26rdpass%3D1>
2016-09-25 13:28:33 [scrapy] DEBUG: Crawled (200) <GET https://www.instagram.com/explore/tags/%D0%B5%D0%BD%D0%BE%D1%82%D1%8B/?__a=1> (referer: None)
2016-09-25 13:28:33 [scrapy] DEBUG: Crawled (200) <GET https://yandex.ua/images/search?text=%D0%B5%D0%BD%D0%BE%D1%82%D1%8B&parent-reqid=1474550983897237-741190681254071648529266-sas1-1783&rdpass=1&ncrnd=4325> (referer: None)
2016-09-25 13:28:33 [scrapy] DEBUG: Scraped from <200 https://www.instagram.com/explore/tags/%D0%B5%D0%BD%D0%BE%D1%82%D1%8B/?__a=1>
{'instagram_img': u'https://scontent-fra3-1.cdninstagram.com/t51.2885-15/s640x640/sh0.08/e35/14359405_584171138457301_3781649885867016192_n.jpg?ig_cache_key=MTM0NzAzNTMzNTI0MjA1OTk4Mg%3D%3D.2'}
2016-09-25 13:28:33 [scrapy] DEBUG: Scraped from <200 https://www.instagram.com/explore/tags/%D0%B5%D0%BD%D0%BE%D1%82%D1%8B/?__a=1>
{'instagram_img': u'https://scontent-fra3-1.cdninstagram.com/t51.2885-15/s640x640/sh0.08/e35/c180.0.719.719/14488356_1177032049033673_7935157984387137536_n.jpg?ig_cache_key=MTM0NzAzNTA0OTg4NzI0MDEwNQ%3D%3D.2.c'}
2016-09-25 13:28:33 [scrapy] DEBUG: Scraped from <200 https://www.instagram.com/explore/tags/%D0%B5%D0%BD%D0%BE%D1%82%D1%8B/?__a=1>
{'instagram_img': u'https://scontent-fra3-1.cdninstagram.com/t51.2885-15/s640x640/sh0.08/e35/14449268_667458923405922_5404033379173662720_n.jpg?ig_cache_key=MTM0NzAwNzg2NTYzODY0MDA4MQ%3D%3D.2'}
2016-09-25 13:28:33 [scrapy] DEBUG: Scraped from <200 https://www.instagram.com/explore/tags/%D0%B5%D0%BD%D0%BE%D1%82%D1%8B/?__a=1>
{'instagram_img': u'https://scontent-fra3-1.cdninstagram.com/t51.2885-15/s640x640/sh0.08/e35/c184.0.712.712/14334503_329618017386286_2001247862771417088_n.jpg?ig_cache_key=MTM0NzAwNTg0MDE2NzQ4Mjg0OQ%3D%3D.2.c'}
2016-09-25 13:28:33 [scrapy] DEBUG: Scraped from <200 https://www.instagram.com/explore/tags/%D0%B5%D0%BD%D0%BE%D1%82%D1%8B/?__a=1>
{'instagram_img': u'https://scontent-fra3-1.cdninstagram.com/t51.2885-15/e15/14448283_993331004123677_6836462327382933504_n.jpg?ig_cache_key=MTM0NzAwMzQ4MDM5Mjg1Nzk4Mw%3D%3D.2'}
2016-09-25 13:28:33 [scrapy] DEBUG: Scraped from <200 https://www.instagram.com/explore/tags/%D0%B5%D0%BD%D0%BE%D1%82%D1%8B/?__a=1>
{'instagram_img': u'https://scontent-fra3-1.cdninstagram.com/t51.2885-15/s640x640/sh0.08/e35/14369096_190129674730264_3211314560086573056_n.jpg?ig_cache_key=MTM0NzAwMDczNDg2MDAwMTY5MQ%3D%3D.2'}
2016-09-25 13:28:33 [scrapy] DEBUG: Scraped from <200 https://www.instagram.com/explore/tags/%D0%B5%D0%BD%D0%BE%D1%82%D1%8B/?__a=1>
{'instagram_img': u'https://scontent-fra3-1.cdninstagram.com/t51.2885-15/s640x640/sh0.08/e35/14350714_327895030894197_2068561214459346944_n.jpg?ig_cache_key=MTM0NzAwMDIzMDY0NjQ2Mjk1OQ%3D%3D.2'}
2016-09-25 13:28:33 [scrapy] DEBUG: Scraped from <200 https://www.instagram.com/explore/tags/%D0%B5%D0%BD%D0%BE%D1%82%D1%8B/?__a=1>
{'instagram_img': u'https://scontent-fra3-1.cdninstagram.com/t51.2885-15/s640x640/sh0.08/e35/14498876_257329051334331_6568116481580597248_n.jpg?ig_cache_key=MTM0Njk5OTA5NjIyOTk0Nzg4Mg%3D%3D.2'}
2016-09-25 13:28:33 [scrapy] DEBUG: Scraped from <200 https://www.instagram.com/explore/tags/%D0%B5%D0%BD%D0%BE%D1%82%D1%8B/?__a=1>
{'instagram_img': u'https://scontent-fra3-1.cdninstagram.com/t51.2885-15/s640x640/sh0.08/e35/14498878_511870752350539_1462314228303003648_n.jpg?ig_cache_key=MTM0Njk5ODYyNDQ5NjQxNzg4Mg%3D%3D.2'}
2016-09-25 13:28:33 [scrapy] DEBUG: Scraped from <200 https://www.instagram.com/explore/tags/%D0%B5%D0%BD%D0%BE%D1%82%D1%8B/?__a=1>
{'instagram_img': u'https://scontent-fra3-1.cdninstagram.com/t51.2885-15/s640x640/e15/c0.89.720.720/14488295_1809887362582065_7460047916124602368_n.jpg?ig_cache_key=MTM0Njk5ODU4NDg1MTM4NTEzNA%3D%3D.2.c'}
2016-09-25 13:28:34 [scrapy] DEBUG: Scraped from <200 https://yandex.ua/images/search?text=%D0%B5%D0%BD%D0%BE%D1%82%D1%8B&parent-reqid=1474550983897237-741190681254071648529266-sas1-1783&rdpass=1&ncrnd=4325>
{'yandex_img': u'http://finekartinka.ru/_ph/7/955350196.jpg?1473302935'}
2016-09-25 13:28:35 [scrapy] DEBUG: Scraped from <200 https://yandex.ua/images/search?text=%D0%B5%D0%BD%D0%BE%D1%82%D1%8B&parent-reqid=1474550983897237-741190681254071648529266-sas1-1783&rdpass=1&ncrnd=4325>
{'yandex_img': u'http://cn15.nevsedoma.com.ua/photo/782/106_files/06bd363bc1ec753c62260ce4441eb7d4.jpg'}
2016-09-25 13:28:36 [scrapy] DEBUG: Scraped from <200 https://yandex.ua/images/search?text=%D0%B5%D0%BD%D0%BE%D1%82%D1%8B&parent-reqid=1474550983897237-741190681254071648529266-sas1-1783&rdpass=1&ncrnd=4325>
{'yandex_img': u'http://s.pikabu.ru/post_img/2013/06/05/11/1370452332_26113098.jpg'}
2016-09-25 13:28:37 [scrapy] DEBUG: Scraped from <200 https://yandex.ua/images/search?text=%D0%B5%D0%BD%D0%BE%D1%82%D1%8B&parent-reqid=1474550983897237-741190681254071648529266-sas1-1783&rdpass=1&ncrnd=4325>
{'yandex_img': u'http://snim.net/wp-content/uploads/2015/12/%D0%B4%D0%B2%D0%B0-%D0%B5%D0%BD%D0%BE%D1%82%D0%B0-%D0%BA%D1%83%D1%81%D0%B0%D1%8E%D1%82%D1%81%D1%8F.jpg'}
2016-09-25 13:28:38 [scrapy] DEBUG: Scraped from <200 https://yandex.ua/images/search?text=%D0%B5%D0%BD%D0%BE%D1%82%D1%8B&parent-reqid=1474550983897237-741190681254071648529266-sas1-1783&rdpass=1&ncrnd=4325>
{'yandex_img': u'http://media.publika.md/ru/image/201606/oar_full/image121_11952600.jpg'}
2016-09-25 13:28:39 [scrapy] DEBUG: Scraped from <200 https://yandex.ua/images/search?text=%D0%B5%D0%BD%D0%BE%D1%82%D1%8B&parent-reqid=1474550983897237-741190681254071648529266-sas1-1783&rdpass=1&ncrnd=4325>
{'yandex_img': u'http://ne-kurim.ru/forum/attachments/jtc3d7hfkz8-jpg.185284/'}
2016-09-25 13:28:40 [scrapy] DEBUG: Scraped from <200 https://yandex.ua/images/search?text=%D0%B5%D0%BD%D0%BE%D1%82%D1%8B&parent-reqid=1474550983897237-741190681254071648529266-sas1-1783&rdpass=1&ncrnd=4325>
{'yandex_img': u'http://i.artfile.ru/2048x1365_765707_[www.ArtFile.ru].jpg'}
2016-09-25 13:28:41 [scrapy] DEBUG: Scraped from <200 https://yandex.ua/images/search?text=%D0%B5%D0%BD%D0%BE%D1%82%D1%8B&parent-reqid=1474550983897237-741190681254071648529266-sas1-1783&rdpass=1&ncrnd=4325>
{'yandex_img': u'http://www.rabstol.net/uploads/gallery/main/367/rabstol_net_raccoons_03.jpg'}
2016-09-25 13:28:42 [scrapy] DEBUG: Scraped from <200 https://yandex.ua/images/search?text=%D0%B5%D0%BD%D0%BE%D1%82%D1%8B&parent-reqid=1474550983897237-741190681254071648529266-sas1-1783&rdpass=1&ncrnd=4325>
{'yandex_img': u'http://img11.nnm.me/a/0/2/1/7/d8ec466e4356f3c796cc7dfd62f.jpg'}
2016-09-25 13:28:43 [scrapy] DEBUG: Scraped from <200 https://yandex.ua/images/search?text=%D0%B5%D0%BD%D0%BE%D1%82%D1%8B&parent-reqid=1474550983897237-741190681254071648529266-sas1-1783&rdpass=1&ncrnd=4325>
{'yandex_img': u'http://cn15.nevsedoma.com.ua/photo/782/106_files/theskyjokingaside-3d03fd8fb4c1be794dcd20eff38a64a1.jpg'}
2016-09-25 13:28:43 [scrapy] INFO: Closing spider (finished)
2016-09-25 13:28:43 [scrapy] INFO: Stored jsonlines feed (20 items) in: file:///home/doogan/coding/python/projects/image_parser/items/default/image/ce663854830a11e685373c970e425ecd.jl
2016-09-25 13:28:43 [scrapy] INFO: Dumping Scrapy stats:
{'downloader/request_bytes': 3103,
 'downloader/request_count': 6,
 'downloader/request_method_count/GET': 6,
 'downloader/response_bytes': 72764,
 'downloader/response_count': 6,
 'downloader/response_status_count/200': 2,
 'downloader/response_status_count/302': 4,
 'finish_reason': 'finished',
 'finish_time': datetime.datetime(2016, 9, 25, 10, 28, 43, 832546),
 'item_scraped_count': 20,
 'log_count/DEBUG': 27,
 'log_count/INFO': 8,
 'response_received_count': 2,
 'scheduler/dequeued': 6,
 'scheduler/dequeued/memory': 6,
 'scheduler/enqueued': 6,
 'scheduler/enqueued/memory': 6,
 'start_time': datetime.datetime(2016, 9, 25, 10, 28, 32, 715150)}
2016-09-25 13:28:43 [scrapy] INFO: Spider closed (finished)
