2016-09-25 23:53:48 [scrapy] INFO: Scrapy 1.1.3 started (bot: scraper)
2016-09-25 23:53:48 [scrapy] INFO: Overridden settings: {'NEWSPIDER_MODULE': 'scraper.spiders', 'FEED_URI': 'file:///home/doogan/coding/python/projects/image_parser/scraper/items/scraper/image/274aa6e2836211e6abf53c970e425ecd.jl', 'SPIDER_MODULES': ['scraper.spiders'], 'BOT_NAME': 'scraper', 'LOG_FILE': 'logs/scraper/image/274aa6e2836211e6abf53c970e425ecd.log', 'DOWNLOAD_DELAY': '2'}
2016-09-25 23:53:48 [scrapy] INFO: Enabled extensions:
['scrapy.extensions.feedexport.FeedExporter',
 'scrapy.extensions.logstats.LogStats',
 'scrapy.extensions.telnet.TelnetConsole',
 'scrapy.extensions.corestats.CoreStats']
2016-09-25 23:53:48 [scrapy] INFO: Enabled downloader middlewares:
['scrapy.downloadermiddlewares.httpauth.HttpAuthMiddleware',
 'scrapy.downloadermiddlewares.downloadtimeout.DownloadTimeoutMiddleware',
 'scrapy.downloadermiddlewares.useragent.UserAgentMiddleware',
 'scrapy.downloadermiddlewares.retry.RetryMiddleware',
 'scrapy.downloadermiddlewares.defaultheaders.DefaultHeadersMiddleware',
 'scrapy.downloadermiddlewares.redirect.MetaRefreshMiddleware',
 'scrapy.downloadermiddlewares.httpcompression.HttpCompressionMiddleware',
 'scrapy.downloadermiddlewares.redirect.RedirectMiddleware',
 'scrapy.downloadermiddlewares.cookies.CookiesMiddleware',
 'scrapy.downloadermiddlewares.chunked.ChunkedTransferMiddleware',
 'scrapy.downloadermiddlewares.stats.DownloaderStats']
2016-09-25 23:53:48 [scrapy] INFO: Enabled spider middlewares:
['scrapy.spidermiddlewares.httperror.HttpErrorMiddleware',
 'scrapy.spidermiddlewares.offsite.OffsiteMiddleware',
 'scrapy.spidermiddlewares.referer.RefererMiddleware',
 'scrapy.spidermiddlewares.urllength.UrlLengthMiddleware',
 'scrapy.spidermiddlewares.depth.DepthMiddleware']
2016-09-25 23:53:48 [scrapy] INFO: Enabled item pipelines:
[]
2016-09-25 23:53:48 [scrapy] INFO: Spider opened
2016-09-25 23:53:48 [scrapy] INFO: Crawled 0 pages (at 0 pages/min), scraped 0 items (at 0 items/min)
2016-09-25 23:53:48 [scrapy] DEBUG: Telnet console listening on 127.0.0.1:6023
2016-09-25 23:53:48 [scrapy] DEBUG: Redirecting (302) to <GET https://yandex.ua/showcaptcha?cc=1&retpath=https%3A//yandex.ua/images/search%3Ftext%3D%25D1%2581%25D0%25B8%25D1%2581%25D1%258C%25D0%25BA%25D0%25B8%26parent-reqid%3D1474550983897237-741190681254071648529266-sas1-1783_2c2183fc9daf9bd59644f4ac3d03333c&t=0/1474836828/4f42107c6fd2397d7936c402fdb4b77e&s=443a15d2ddc6c0e1a64a4517db2c1726> from <GET https://yandex.ua/images/search?text=%D1%81%D0%B8%D1%81%D1%8C%D0%BA%D0%B8&parent-reqid=1474550983897237-741190681254071648529266-sas1-1783>
2016-09-25 23:53:48 [scrapy] DEBUG: Crawled (200) <GET https://www.google.com.ua/search?q=%D1%81%D0%B8%D1%81%D1%8C%D0%BA%D0%B8&biw=5&bih=5&source=lnms&tbm=isch&sa=X&ved=0ahUKEwjy-OyRwKLPAhXJCpoKHVZDDJkQ_AUIBigB> (referer: None)
2016-09-25 23:53:49 [scrapy] DEBUG: Scraped from <200 https://www.google.com.ua/search?q=%D1%81%D0%B8%D1%81%D1%8C%D0%BA%D0%B8&biw=5&bih=5&source=lnms&tbm=isch&sa=X&ved=0ahUKEwjy-OyRwKLPAhXJCpoKHVZDDJkQ_AUIBigB>
{'google_img': u'https://encrypted-tbn1.gstatic.com/images?q=tbn:ANd9GcSnX_9BAac_3hKWdLh2kTyAmhjSHlFDtjTjjJcrfwANPemS_kH3Lxw6jgT3'}
2016-09-25 23:53:49 [scrapy] DEBUG: Scraped from <200 https://www.google.com.ua/search?q=%D1%81%D0%B8%D1%81%D1%8C%D0%BA%D0%B8&biw=5&bih=5&source=lnms&tbm=isch&sa=X&ved=0ahUKEwjy-OyRwKLPAhXJCpoKHVZDDJkQ_AUIBigB>
{'google_img': u'https://encrypted-tbn2.gstatic.com/images?q=tbn:ANd9GcSwXsyYdKuQ5eCrMi_IcJEh32CjctzJtm6CA-z9Wua0YYk1j_xNuKEovc4'}
2016-09-25 23:53:49 [scrapy] DEBUG: Scraped from <200 https://www.google.com.ua/search?q=%D1%81%D0%B8%D1%81%D1%8C%D0%BA%D0%B8&biw=5&bih=5&source=lnms&tbm=isch&sa=X&ved=0ahUKEwjy-OyRwKLPAhXJCpoKHVZDDJkQ_AUIBigB>
{'google_img': u'https://encrypted-tbn1.gstatic.com/images?q=tbn:ANd9GcThViccCtVM8O48MaVjTHjrl7YLaZoZfhwK15BXcyRJHHFQpiyWe2dTLw'}
2016-09-25 23:53:49 [scrapy] DEBUG: Crawled (200) <GET https://www.instagram.com/explore/tags/%D1%81%D0%B8%D1%81%D1%8C%D0%BA%D0%B8/?__a=1> (referer: None)
2016-09-25 23:53:49 [scrapy] DEBUG: Scraped from <200 https://www.instagram.com/explore/tags/%D1%81%D0%B8%D1%81%D1%8C%D0%BA%D0%B8/?__a=1>
{'instagram_img': u'https://scontent-fra3-1.cdninstagram.com/t51.2885-15/e35/14369058_1069372256514301_2599013701562400768_n.jpg?ig_cache_key=MTM0NzM0ODY1MjI4NDMyNjA3NQ%3D%3D.2'}
2016-09-25 23:53:49 [scrapy] DEBUG: Scraped from <200 https://www.instagram.com/explore/tags/%D1%81%D0%B8%D1%81%D1%8C%D0%BA%D0%B8/?__a=1>
{'instagram_img': u'https://scontent-fra3-1.cdninstagram.com/t51.2885-15/s640x640/sh0.08/e35/14310604_627263854109983_519442020612177920_n.jpg?ig_cache_key=MTM0NzM0MjcwNjIyOTMwMzgyNg%3D%3D.2'}
2016-09-25 23:53:49 [scrapy] DEBUG: Scraped from <200 https://www.instagram.com/explore/tags/%D1%81%D0%B8%D1%81%D1%8C%D0%BA%D0%B8/?__a=1>
{'instagram_img': u'https://scontent-fra3-1.cdninstagram.com/t51.2885-15/s640x640/sh0.08/e35/14295587_892978917513226_3393413455380742144_n.jpg?ig_cache_key=MTM0NzM0MjQxMjIwODUzNDk4Mw%3D%3D.2'}
2016-09-25 23:53:50 [scrapy] DEBUG: Crawled (200) <GET https://yandex.ua/showcaptcha?cc=1&retpath=https%3A//yandex.ua/images/search%3Ftext%3D%25D1%2581%25D0%25B8%25D1%2581%25D1%258C%25D0%25BA%25D0%25B8%26parent-reqid%3D1474550983897237-741190681254071648529266-sas1-1783_2c2183fc9daf9bd59644f4ac3d03333c&t=0/1474836828/4f42107c6fd2397d7936c402fdb4b77e&s=443a15d2ddc6c0e1a64a4517db2c1726> (referer: None)
2016-09-25 23:53:50 [scrapy] INFO: Closing spider (finished)
2016-09-25 23:53:50 [scrapy] INFO: Stored jsonlines feed (6 items) in: file:///home/doogan/coding/python/projects/image_parser/scraper/items/scraper/image/274aa6e2836211e6abf53c970e425ecd.jl
2016-09-25 23:53:50 [scrapy] INFO: Dumping Scrapy stats:
{'downloader/request_bytes': 1596,
 'downloader/request_count': 4,
 'downloader/request_method_count/GET': 4,
 'downloader/response_bytes': 30900,
 'downloader/response_count': 4,
 'downloader/response_status_count/200': 3,
 'downloader/response_status_count/302': 1,
 'finish_reason': 'finished',
 'finish_time': datetime.datetime(2016, 9, 25, 20, 53, 50, 856254),
 'item_scraped_count': 6,
 'log_count/DEBUG': 11,
 'log_count/INFO': 8,
 'response_received_count': 3,
 'scheduler/dequeued': 4,
 'scheduler/dequeued/memory': 4,
 'scheduler/enqueued': 4,
 'scheduler/enqueued/memory': 4,
 'start_time': datetime.datetime(2016, 9, 25, 20, 53, 48, 605650)}
2016-09-25 23:53:50 [scrapy] INFO: Spider closed (finished)
