2016-09-25 23:27:28 [scrapy] INFO: Scrapy 1.1.3 started (bot: scraper)
2016-09-25 23:27:28 [scrapy] INFO: Overridden settings: {'NEWSPIDER_MODULE': 'scraper.spiders', 'FEED_URI': 'file:///home/doogan/coding/python/projects/image_parser/scraper/items/scraper/image/793438b4835e11e6abf53c970e425ecd.jl', 'SPIDER_MODULES': ['scraper.spiders'], 'BOT_NAME': 'scraper', 'LOG_FILE': 'logs/scraper/image/793438b4835e11e6abf53c970e425ecd.log', 'DOWNLOAD_DELAY': '2'}
2016-09-25 23:27:28 [scrapy] INFO: Enabled extensions:
['scrapy.extensions.feedexport.FeedExporter',
 'scrapy.extensions.logstats.LogStats',
 'scrapy.extensions.telnet.TelnetConsole',
 'scrapy.extensions.corestats.CoreStats']
2016-09-25 23:27:28 [twisted] CRITICAL: Unhandled error in Deferred:
2016-09-25 23:27:28 [twisted] CRITICAL: 
Traceback (most recent call last):
  File "/home/doogan/coding/python/projects/image_parser/.myenv/local/lib/python2.7/site-packages/twisted/internet/defer.py", line 1185, in _inlineCallbacks
    result = g.send(result)
  File "/home/doogan/coding/python/projects/image_parser/.myenv/local/lib/python2.7/site-packages/scrapy/crawler.py", line 90, in crawl
    six.reraise(*exc_info)
  File "/home/doogan/coding/python/projects/image_parser/.myenv/local/lib/python2.7/site-packages/scrapy/crawler.py", line 71, in crawl
    self.spider = self._create_spider(*args, **kwargs)
  File "/home/doogan/coding/python/projects/image_parser/.myenv/local/lib/python2.7/site-packages/scrapy/crawler.py", line 94, in _create_spider
    return self.spidercls.from_crawler(self, *args, **kwargs)
  File "/home/doogan/coding/python/projects/image_parser/.myenv/local/lib/python2.7/site-packages/scrapy/spiders/__init__.py", line 50, in from_crawler
    spider = cls(*args, **kwargs)
  File "scraper/spiders/image_spider.py", line 39, in __init__
    query = (u'{}'.format(query)).encode('utf-8')
UnicodeDecodeError: 'ascii' codec can't decode byte 0xd0 in position 0: ordinal not in range(128)
