2016-09-25 23:28:08 [scrapy] INFO: Scrapy 1.1.3 started (bot: scraper)
2016-09-25 23:28:08 [scrapy] INFO: Overridden settings: {'NEWSPIDER_MODULE': 'scraper.spiders', 'FEED_URI': 'file:///home/doogan/coding/python/projects/image_parser/scraper/items/scraper/image/916f8460835e11e6abf53c970e425ecd.jl', 'SPIDER_MODULES': ['scraper.spiders'], 'BOT_NAME': 'scraper', 'LOG_FILE': 'logs/scraper/image/916f8460835e11e6abf53c970e425ecd.log', 'DOWNLOAD_DELAY': '2'}
2016-09-25 23:28:08 [scrapy] INFO: Enabled extensions:
['scrapy.extensions.feedexport.FeedExporter',
 'scrapy.extensions.logstats.LogStats',
 'scrapy.extensions.telnet.TelnetConsole',
 'scrapy.extensions.corestats.CoreStats']
2016-09-25 23:28:08 [scrapy] INFO: Enabled downloader middlewares:
['scrapy.downloadermiddlewares.httpauth.HttpAuthMiddleware',
 'scrapy.downloadermiddlewares.downloadtimeout.DownloadTimeoutMiddleware',
 'scrapy.downloadermiddlewares.useragent.UserAgentMiddleware',
 'scrapy.downloadermiddlewares.retry.RetryMiddleware',
 'scrapy.downloadermiddlewares.defaultheaders.DefaultHeadersMiddleware',
 'scrapy.downloadermiddlewares.redirect.MetaRefreshMiddleware',
 'scrapy.downloadermiddlewares.httpcompression.HttpCompressionMiddleware',
 'scrapy.downloadermiddlewares.redirect.RedirectMiddleware',
 'scrapy.downloadermiddlewares.cookies.CookiesMiddleware',
 'scrapy.downloadermiddlewares.chunked.ChunkedTransferMiddleware',
 'scrapy.downloadermiddlewares.stats.DownloaderStats']
2016-09-25 23:28:08 [scrapy] INFO: Enabled spider middlewares:
['scrapy.spidermiddlewares.httperror.HttpErrorMiddleware',
 'scrapy.spidermiddlewares.offsite.OffsiteMiddleware',
 'scrapy.spidermiddlewares.referer.RefererMiddleware',
 'scrapy.spidermiddlewares.urllength.UrlLengthMiddleware',
 'scrapy.spidermiddlewares.depth.DepthMiddleware']
2016-09-25 23:28:08 [scrapy] INFO: Enabled item pipelines:
[]
2016-09-25 23:28:08 [scrapy] INFO: Spider opened
2016-09-25 23:28:08 [scrapy] INFO: Crawled 0 pages (at 0 pages/min), scraped 0 items (at 0 items/min)
2016-09-25 23:28:08 [scrapy] DEBUG: Telnet console listening on 127.0.0.1:6023
2016-09-25 23:28:08 [scrapy] DEBUG: Redirecting (302) to <GET https://pass.yandex.ua/?retpath=https%3A%2F%2Fyandex.ua%2Fimages%2Fsearch%3Ftext%3Dpussy%26parent-reqid%3D1474550983897237-741190681254071648529266-sas1-1783%26rdpass%3D1&fretpath=https%3A%2F%2Fyandex.ua%2Fimages%2Fsearch%3Ftext%3Dpussy%26parent-reqid%3D1474550983897237-741190681254071648529266-sas1-1783%26rdpass%3D1> from <GET https://yandex.ua/images/search?text=pussy&parent-reqid=1474550983897237-741190681254071648529266-sas1-1783>
2016-09-25 23:28:09 [scrapy] DEBUG: Crawled (200) <GET https://www.google.com.ua/search?q=pussy&biw=5&bih=5&source=lnms&tbm=isch&sa=X&ved=0ahUKEwjy-OyRwKLPAhXJCpoKHVZDDJkQ_AUIBigB> (referer: None)
2016-09-25 23:28:09 [scrapy] DEBUG: Scraped from <200 https://www.google.com.ua/search?q=pussy&biw=5&bih=5&source=lnms&tbm=isch&sa=X&ved=0ahUKEwjy-OyRwKLPAhXJCpoKHVZDDJkQ_AUIBigB>
{'google_img': u'https://encrypted-tbn0.gstatic.com/images?q=tbn:ANd9GcQ7uCo222wOtBkkibKiOiBkGQXmds47ySKDb62EwbjiRL-TnxXXqc7FLPCx'}
2016-09-25 23:28:09 [scrapy] DEBUG: Scraped from <200 https://www.google.com.ua/search?q=pussy&biw=5&bih=5&source=lnms&tbm=isch&sa=X&ved=0ahUKEwjy-OyRwKLPAhXJCpoKHVZDDJkQ_AUIBigB>
{'google_img': u'https://encrypted-tbn2.gstatic.com/images?q=tbn:ANd9GcTbfB239IJDl5v5ty4YFw1SideOKXjOeEvd8Vg0SPhKCCfIiWTaZV2LfMk'}
2016-09-25 23:28:09 [scrapy] DEBUG: Scraped from <200 https://www.google.com.ua/search?q=pussy&biw=5&bih=5&source=lnms&tbm=isch&sa=X&ved=0ahUKEwjy-OyRwKLPAhXJCpoKHVZDDJkQ_AUIBigB>
{'google_img': u'https://encrypted-tbn2.gstatic.com/images?q=tbn:ANd9GcQjjv26t2mMwC2d-QNQ2UTKBVPfOz-oQR66hZJzj-1QbUcg8IeMrk6wENo3OA'}
2016-09-25 23:28:09 [scrapy] DEBUG: Scraped from <200 https://www.google.com.ua/search?q=pussy&biw=5&bih=5&source=lnms&tbm=isch&sa=X&ved=0ahUKEwjy-OyRwKLPAhXJCpoKHVZDDJkQ_AUIBigB>
{'google_img': u'https://encrypted-tbn0.gstatic.com/images?q=tbn:ANd9GcQqA8u0TvSd56aKWCC98AOn6Ynj4VIQzQni5yeP073wRH8PR6kXKgau28CN'}
2016-09-25 23:28:09 [scrapy] DEBUG: Scraped from <200 https://www.google.com.ua/search?q=pussy&biw=5&bih=5&source=lnms&tbm=isch&sa=X&ved=0ahUKEwjy-OyRwKLPAhXJCpoKHVZDDJkQ_AUIBigB>
{'google_img': u'https://encrypted-tbn3.gstatic.com/images?q=tbn:ANd9GcQfeHG9j_DACsUVfmV69qTfuBeIcyFT7EfpndRuNR_O6l5X83bCL-f7KOgP1g'}
2016-09-25 23:28:09 [scrapy] DEBUG: Scraped from <200 https://www.google.com.ua/search?q=pussy&biw=5&bih=5&source=lnms&tbm=isch&sa=X&ved=0ahUKEwjy-OyRwKLPAhXJCpoKHVZDDJkQ_AUIBigB>
{'google_img': u'https://encrypted-tbn3.gstatic.com/images?q=tbn:ANd9GcTMLDO-MBwDg86OpnFmrwZSCbux2kWISbbePEW8MMMW-E36rtKrowDNDxs'}
2016-09-25 23:28:09 [scrapy] DEBUG: Scraped from <200 https://www.google.com.ua/search?q=pussy&biw=5&bih=5&source=lnms&tbm=isch&sa=X&ved=0ahUKEwjy-OyRwKLPAhXJCpoKHVZDDJkQ_AUIBigB>
{'google_img': u'https://encrypted-tbn3.gstatic.com/images?q=tbn:ANd9GcSLwZOdh44s4xEsdZ3R1hztrMljgmlhnZv2_MfnA3wDMZe44ug3Y3FG9-oe'}
2016-09-25 23:28:09 [scrapy] DEBUG: Scraped from <200 https://www.google.com.ua/search?q=pussy&biw=5&bih=5&source=lnms&tbm=isch&sa=X&ved=0ahUKEwjy-OyRwKLPAhXJCpoKHVZDDJkQ_AUIBigB>
{'google_img': u'https://encrypted-tbn2.gstatic.com/images?q=tbn:ANd9GcQsiPkyJ3XOJ5NoZoSqJdbu-CRGSZJiL-HON4Ds99_sJhYW26VJQe2MTo62'}
2016-09-25 23:28:09 [scrapy] DEBUG: Scraped from <200 https://www.google.com.ua/search?q=pussy&biw=5&bih=5&source=lnms&tbm=isch&sa=X&ved=0ahUKEwjy-OyRwKLPAhXJCpoKHVZDDJkQ_AUIBigB>
{'google_img': u'https://encrypted-tbn0.gstatic.com/images?q=tbn:ANd9GcSL71Sa_Qlyoi0jLdpFQpBJT9tcfirmfm7d_DP57K8MQMzF686UemsMTF4'}
2016-09-25 23:28:09 [scrapy] DEBUG: Scraped from <200 https://www.google.com.ua/search?q=pussy&biw=5&bih=5&source=lnms&tbm=isch&sa=X&ved=0ahUKEwjy-OyRwKLPAhXJCpoKHVZDDJkQ_AUIBigB>
{'google_img': u'https://encrypted-tbn0.gstatic.com/images?q=tbn:ANd9GcRpjDIrxfQXkuoB82YGUwF0XeuZUefT1CH-PwXPiiZdZkyvLPIq_fG6svE7'}
2016-09-25 23:28:10 [scrapy] DEBUG: Crawled (200) <GET https://www.instagram.com/explore/tags/pussy/?__a=1> (referer: None)
2016-09-25 23:28:11 [scrapy] DEBUG: Redirecting (302) to <GET https://pass.yandex.ru/?retpath=https%3A%2F%2Fyandex.ua%2Fimages%2Fsearch%3Ftext%3Dpussy%26parent-reqid%3D1474550983897237-741190681254071648529266-sas1-1783%26rdpass%3D1&origsah=5EF0AC7C&ncrnd=3689&fretpath=https%3A%2F%2Fyandex.ua%2Fimages%2Fsearch%3Ftext%3Dpussy%26parent-reqid%3D1474550983897237-741190681254071648529266-sas1-1783%26rdpass%3D1> from <GET https://pass.yandex.ua/?retpath=https%3A%2F%2Fyandex.ua%2Fimages%2Fsearch%3Ftext%3Dpussy%26parent-reqid%3D1474550983897237-741190681254071648529266-sas1-1783%26rdpass%3D1&fretpath=https%3A%2F%2Fyandex.ua%2Fimages%2Fsearch%3Ftext%3Dpussy%26parent-reqid%3D1474550983897237-741190681254071648529266-sas1-1783%26rdpass%3D1>
2016-09-25 23:28:13 [scrapy] DEBUG: Redirecting (302) to <GET https://pass.yandex.ua/?retpath=https%3A%2F%2Fyandex.ua%2Fimages%2Fsearch%3Ftext%3Dpussy%26parent-reqid%3D1474550983897237-741190681254071648529266-sas1-1783%26rdpass%3D1&session_info=noauth%3A1474835293.sah%5E5EF0AC7C.yandexuid%5E4947075981474835293.yandex_ua%3A119107.615540.3cd45fa27f3db38ac81588cf6973ef16&origsah=5EF0AC7C&fretpath=https%3A%2F%2Fyandex.ua%2Fimages%2Fsearch%3Ftext%3Dpussy%26parent-reqid%3D1474550983897237-741190681254071648529266-sas1-1783%26rdpass%3D1> from <GET https://pass.yandex.ru/?retpath=https%3A%2F%2Fyandex.ua%2Fimages%2Fsearch%3Ftext%3Dpussy%26parent-reqid%3D1474550983897237-741190681254071648529266-sas1-1783%26rdpass%3D1&origsah=5EF0AC7C&ncrnd=3689&fretpath=https%3A%2F%2Fyandex.ua%2Fimages%2Fsearch%3Ftext%3Dpussy%26parent-reqid%3D1474550983897237-741190681254071648529266-sas1-1783%26rdpass%3D1>
2016-09-25 23:28:15 [scrapy] DEBUG: Redirecting (302) to <GET https://yandex.ua/images/search?text=pussy&parent-reqid=1474550983897237-741190681254071648529266-sas1-1783&rdpass=1&ncrnd=5877> from <GET https://pass.yandex.ua/?retpath=https%3A%2F%2Fyandex.ua%2Fimages%2Fsearch%3Ftext%3Dpussy%26parent-reqid%3D1474550983897237-741190681254071648529266-sas1-1783%26rdpass%3D1&session_info=noauth%3A1474835293.sah%5E5EF0AC7C.yandexuid%5E4947075981474835293.yandex_ua%3A119107.615540.3cd45fa27f3db38ac81588cf6973ef16&origsah=5EF0AC7C&fretpath=https%3A%2F%2Fyandex.ua%2Fimages%2Fsearch%3Ftext%3Dpussy%26parent-reqid%3D1474550983897237-741190681254071648529266-sas1-1783%26rdpass%3D1>
2016-09-25 23:28:18 [scrapy] DEBUG: Crawled (200) <GET https://yandex.ua/images/search?text=pussy&parent-reqid=1474550983897237-741190681254071648529266-sas1-1783&rdpass=1&ncrnd=5877> (referer: None)
2016-09-25 23:28:19 [scrapy] DEBUG: Scraped from <200 https://yandex.ua/images/search?text=pussy&parent-reqid=1474550983897237-741190681254071648529266-sas1-1783&rdpass=1&ncrnd=5877>
{'yandex_img': u'http://freedreamgirls.com/albums/userpics/2014y/02/24/1/1575/Nice-hairless-pussy-masturbation---animated-.gif'}
2016-09-25 23:28:20 [scrapy] DEBUG: Scraped from <200 https://yandex.ua/images/search?text=pussy&parent-reqid=1474550983897237-741190681254071648529266-sas1-1783&rdpass=1&ncrnd=5877>
{'yandex_img': u'http://fap.to/images/49/2110691938/amateur-porn/PUSSY-CLOSE-UP-HD-2-2.jpg'}
2016-09-25 23:28:21 [scrapy] DEBUG: Scraped from <200 https://yandex.ua/images/search?text=pussy&parent-reqid=1474550983897237-741190681254071648529266-sas1-1783&rdpass=1&ncrnd=5877>
{'yandex_img': u'http://41.media.tumblr.com/2b2b96d4be381f8c4ac1abbe2b108c8c/tumblr_mjbbthrNhN1redlrko1_1280.jpg'}
2016-09-25 23:28:22 [scrapy] DEBUG: Scraped from <200 https://yandex.ua/images/search?text=pussy&parent-reqid=1474550983897237-741190681254071648529266-sas1-1783&rdpass=1&ncrnd=5877>
{'yandex_img': u'http://ep4.xhcdn.com/000/039/224/244_1000.jpg'}
2016-09-25 23:28:23 [scrapy] DEBUG: Scraped from <200 https://yandex.ua/images/search?text=pussy&parent-reqid=1474550983897237-741190681254071648529266-sas1-1783&rdpass=1&ncrnd=5877>
{'yandex_img': u'http://slimpics.com/pics/3953/open-gaping-pussy-hole.jpg'}
2016-09-25 23:28:24 [scrapy] DEBUG: Scraped from <200 https://yandex.ua/images/search?text=pussy&parent-reqid=1474550983897237-741190681254071648529266-sas1-1783&rdpass=1&ncrnd=5877>
{'yandex_img': u'http://171gifs.com/wp-content/uploads/2013/12/10-Cock-rubbing-Holly-Michaels-pussy.gif'}
2016-09-25 23:28:25 [scrapy] DEBUG: Scraped from <200 https://yandex.ua/images/search?text=pussy&parent-reqid=1474550983897237-741190681254071648529266-sas1-1783&rdpass=1&ncrnd=5877>
{'yandex_img': u'http://www.brokenteen.info/wp-content/uploads/pussy-folding-up-x-post-rgodtierpussy.gif'}
2016-09-25 23:28:26 [scrapy] DEBUG: Scraped from <200 https://yandex.ua/images/search?text=pussy&parent-reqid=1474550983897237-741190681254071648529266-sas1-1783&rdpass=1&ncrnd=5877>
{'yandex_img': u'http://firefap.com/pics/2706/wide-open-hairy-pussies.jpg'}
2016-09-25 23:28:27 [scrapy] DEBUG: Scraped from <200 https://yandex.ua/images/search?text=pussy&parent-reqid=1474550983897237-741190681254071648529266-sas1-1783&rdpass=1&ncrnd=5877>
{'yandex_img': u'http://1harxxxphoto.top/pics/images/1/pussy%20small%20lips/pussy+small+lips_2953.jpg'}
2016-09-25 23:28:28 [scrapy] DEBUG: Scraped from <200 https://yandex.ua/images/search?text=pussy&parent-reqid=1474550983897237-741190681254071648529266-sas1-1783&rdpass=1&ncrnd=5877>
{'yandex_img': u'http://cdn1.hothag.com/media/gifs/1/1/absolutely-perfect-pussy-885-lesbian.gif'}
2016-09-25 23:28:28 [scrapy] INFO: Closing spider (finished)
2016-09-25 23:28:28 [scrapy] INFO: Stored jsonlines feed (20 items) in: file:///home/doogan/coding/python/projects/image_parser/scraper/items/scraper/image/916f8460835e11e6abf53c970e425ecd.jl
2016-09-25 23:28:28 [scrapy] INFO: Dumping Scrapy stats:
{'downloader/request_bytes': 3071,
 'downloader/request_count': 7,
 'downloader/request_method_count/GET': 7,
 'downloader/response_bytes': 79643,
 'downloader/response_count': 7,
 'downloader/response_status_count/200': 3,
 'downloader/response_status_count/302': 4,
 'finish_reason': 'finished',
 'finish_time': datetime.datetime(2016, 9, 25, 20, 28, 28, 284524),
 'item_scraped_count': 20,
 'log_count/DEBUG': 28,
 'log_count/INFO': 8,
 'response_received_count': 3,
 'scheduler/dequeued': 7,
 'scheduler/dequeued/memory': 7,
 'scheduler/enqueued': 7,
 'scheduler/enqueued/memory': 7,
 'start_time': datetime.datetime(2016, 9, 25, 20, 28, 8, 584552)}
2016-09-25 23:28:28 [scrapy] INFO: Spider closed (finished)
